-------------------------------------------------------------------------------
Test set: com.scheduler.schedulerapp.resolver.SignupResolverTest
-------------------------------------------------------------------------------
Tests run: 16, Failures: 10, Errors: 0, Skipped: 0, Time elapsed: 0.043 s <<< FAILURE! -- in com.scheduler.schedulerapp.resolver.SignupResolverTest
com.scheduler.schedulerapp.resolver.SignupResolverTest.testSignupDoctor_Success -- Time elapsed: 0.023 s <<< FAILURE!
org.opentest4j.AssertionFailedError: expected: <true> but was: <false>
	at org.junit.jupiter.api.AssertionFailureBuilder.build(AssertionFailureBuilder.java:151)
	at org.junit.jupiter.api.AssertionFailureBuilder.buildAndThrow(AssertionFailureBuilder.java:132)
	at org.junit.jupiter.api.AssertTrue.failNotTrue(AssertTrue.java:63)
	at org.junit.jupiter.api.AssertTrue.assertTrue(AssertTrue.java:36)
	at org.junit.jupiter.api.AssertTrue.assertTrue(AssertTrue.java:31)
	at org.junit.jupiter.api.Assertions.assertTrue(Assertions.java:183)
	at com.scheduler.schedulerapp.resolver.SignupResolverTest.testSignupDoctor_Success(SignupResolverTest.java:104)
	at java.base/java.lang.reflect.Method.invoke(Method.java:565)
	at java.base/java.util.ArrayList.forEach(ArrayList.java:1604)
	at java.base/java.util.ArrayList.forEach(ArrayList.java:1604)

com.scheduler.schedulerapp.resolver.SignupResolverTest.testSignupPatient_Success -- Time elapsed: 0.001 s <<< FAILURE!
org.opentest4j.AssertionFailedError: expected: <true> but was: <false>
	at org.junit.jupiter.api.AssertionFailureBuilder.build(AssertionFailureBuilder.java:151)
	at org.junit.jupiter.api.AssertionFailureBuilder.buildAndThrow(AssertionFailureBuilder.java:132)
	at org.junit.jupiter.api.AssertTrue.failNotTrue(AssertTrue.java:63)
	at org.junit.jupiter.api.AssertTrue.assertTrue(AssertTrue.java:36)
	at org.junit.jupiter.api.AssertTrue.assertTrue(AssertTrue.java:31)
	at org.junit.jupiter.api.Assertions.assertTrue(Assertions.java:183)
	at com.scheduler.schedulerapp.resolver.SignupResolverTest.testSignupPatient_Success(SignupResolverTest.java:243)
	at java.base/java.lang.reflect.Method.invoke(Method.java:565)
	at java.base/java.util.ArrayList.forEach(ArrayList.java:1604)
	at java.base/java.util.ArrayList.forEach(ArrayList.java:1604)

com.scheduler.schedulerapp.resolver.SignupResolverTest.testSignupPatient_PasswordEncodingVerification -- Time elapsed: 0.003 s <<< FAILURE!
Wanted but not invoked:
patientRepository.save(
    <custom argument matcher>
);
-> at com.scheduler.schedulerapp.resolver.SignupResolverTest.testSignupPatient_PasswordEncodingVerification(SignupResolverTest.java:444)

However, there was exactly 1 interaction with this mock:
patientRepository.findByEmail(
    "test@example.com"
);
-> at com.scheduler.schedulerapp.resolver.SignupResolver.signupPatient(SignupResolver.java:80)


	at com.scheduler.schedulerapp.resolver.SignupResolverTest.testSignupPatient_PasswordEncodingVerification(SignupResolverTest.java:444)
	at java.base/java.lang.reflect.Method.invoke(Method.java:565)
	at java.base/java.util.ArrayList.forEach(ArrayList.java:1604)
	at java.base/java.util.ArrayList.forEach(ArrayList.java:1604)

com.scheduler.schedulerapp.resolver.SignupResolverTest.testSignupDoctor_PasswordEncodingVerification -- Time elapsed: 0.002 s <<< FAILURE!
Wanted but not invoked:
doctorRepository.save(
    <custom argument matcher>
);
-> at com.scheduler.schedulerapp.resolver.SignupResolverTest.testSignupDoctor_PasswordEncodingVerification(SignupResolverTest.java:430)

However, there was exactly 1 interaction with this mock:
doctorRepository.findByEmail(
    "test@example.com"
);
-> at com.scheduler.schedulerapp.resolver.SignupResolver.signupDoctor(SignupResolver.java:44)


	at com.scheduler.schedulerapp.resolver.SignupResolverTest.testSignupDoctor_PasswordEncodingVerification(SignupResolverTest.java:430)
	at java.base/java.lang.reflect.Method.invoke(Method.java:565)
	at java.base/java.util.ArrayList.forEach(ArrayList.java:1604)
	at java.base/java.util.ArrayList.forEach(ArrayList.java:1604)

com.scheduler.schedulerapp.resolver.SignupResolverTest.testSignupDoctor_RepositoryException -- Time elapsed: 0.001 s <<< FAILURE!
org.opentest4j.AssertionFailedError: expected: <true> but was: <false>
	at org.junit.jupiter.api.AssertionFailureBuilder.build(AssertionFailureBuilder.java:151)
	at org.junit.jupiter.api.AssertionFailureBuilder.buildAndThrow(AssertionFailureBuilder.java:132)
	at org.junit.jupiter.api.AssertTrue.failNotTrue(AssertTrue.java:63)
	at org.junit.jupiter.api.AssertTrue.assertTrue(AssertTrue.java:36)
	at org.junit.jupiter.api.AssertTrue.assertTrue(AssertTrue.java:31)
	at org.junit.jupiter.api.Assertions.assertTrue(Assertions.java:183)
	at com.scheduler.schedulerapp.resolver.SignupResolverTest.testSignupDoctor_RepositoryException(SignupResolverTest.java:198)
	at java.base/java.lang.reflect.Method.invoke(Method.java:565)
	at java.base/java.util.ArrayList.forEach(ArrayList.java:1604)
	at java.base/java.util.ArrayList.forEach(ArrayList.java:1604)

com.scheduler.schedulerapp.resolver.SignupResolverTest.testSignupDoctor_AllFieldsSet -- Time elapsed: 0.001 s <<< FAILURE!
org.opentest4j.AssertionFailedError: expected: <true> but was: <false>
	at org.junit.jupiter.api.AssertionFailureBuilder.build(AssertionFailureBuilder.java:151)
	at org.junit.jupiter.api.AssertionFailureBuilder.buildAndThrow(AssertionFailureBuilder.java:132)
	at org.junit.jupiter.api.AssertTrue.failNotTrue(AssertTrue.java:63)
	at org.junit.jupiter.api.AssertTrue.assertTrue(AssertTrue.java:36)
	at org.junit.jupiter.api.AssertTrue.assertTrue(AssertTrue.java:31)
	at org.junit.jupiter.api.Assertions.assertTrue(Assertions.java:183)
	at com.scheduler.schedulerapp.resolver.SignupResolverTest.testSignupDoctor_AllFieldsSet(SignupResolverTest.java:406)
	at java.base/java.lang.reflect.Method.invoke(Method.java:565)
	at java.base/java.util.ArrayList.forEach(ArrayList.java:1604)
	at java.base/java.util.ArrayList.forEach(ArrayList.java:1604)

com.scheduler.schedulerapp.resolver.SignupResolverTest.testSignupPatient_AllFieldsSet -- Time elapsed: 0.001 s <<< FAILURE!
org.opentest4j.AssertionFailedError: expected: <true> but was: <false>
	at org.junit.jupiter.api.AssertionFailureBuilder.build(AssertionFailureBuilder.java:151)
	at org.junit.jupiter.api.AssertionFailureBuilder.buildAndThrow(AssertionFailureBuilder.java:132)
	at org.junit.jupiter.api.AssertTrue.failNotTrue(AssertTrue.java:63)
	at org.junit.jupiter.api.AssertTrue.assertTrue(AssertTrue.java:36)
	at org.junit.jupiter.api.AssertTrue.assertTrue(AssertTrue.java:31)
	at org.junit.jupiter.api.Assertions.assertTrue(Assertions.java:183)
	at com.scheduler.schedulerapp.resolver.SignupResolverTest.testSignupPatient_AllFieldsSet(SignupResolverTest.java:381)
	at java.base/java.lang.reflect.Method.invoke(Method.java:565)
	at java.base/java.util.ArrayList.forEach(ArrayList.java:1604)
	at java.base/java.util.ArrayList.forEach(ArrayList.java:1604)

com.scheduler.schedulerapp.resolver.SignupResolverTest.testSignupPatient_RepositoryException -- Time elapsed: 0.002 s <<< FAILURE!
org.opentest4j.AssertionFailedError: expected: <true> but was: <false>
	at org.junit.jupiter.api.AssertionFailureBuilder.build(AssertionFailureBuilder.java:151)
	at org.junit.jupiter.api.AssertionFailureBuilder.buildAndThrow(AssertionFailureBuilder.java:132)
	at org.junit.jupiter.api.AssertTrue.failNotTrue(AssertTrue.java:63)
	at org.junit.jupiter.api.AssertTrue.assertTrue(AssertTrue.java:36)
	at org.junit.jupiter.api.AssertTrue.assertTrue(AssertTrue.java:31)
	at org.junit.jupiter.api.Assertions.assertTrue(Assertions.java:183)
	at com.scheduler.schedulerapp.resolver.SignupResolverTest.testSignupPatient_RepositoryException(SignupResolverTest.java:337)
	at java.base/java.lang.reflect.Method.invoke(Method.java:565)
	at java.base/java.util.ArrayList.forEach(ArrayList.java:1604)
	at java.base/java.util.ArrayList.forEach(ArrayList.java:1604)

com.scheduler.schedulerapp.resolver.SignupResolverTest.testSignupDoctor_InputTrimming -- Time elapsed: 0.001 s <<< FAILURE!
org.opentest4j.AssertionFailedError: expected: <true> but was: <false>
	at org.junit.jupiter.api.AssertionFailureBuilder.build(AssertionFailureBuilder.java:151)
	at org.junit.jupiter.api.AssertionFailureBuilder.buildAndThrow(AssertionFailureBuilder.java:132)
	at org.junit.jupiter.api.AssertTrue.failNotTrue(AssertTrue.java:63)
	at org.junit.jupiter.api.AssertTrue.assertTrue(AssertTrue.java:36)
	at org.junit.jupiter.api.AssertTrue.assertTrue(AssertTrue.java:31)
	at org.junit.jupiter.api.Assertions.assertTrue(Assertions.java:183)
	at com.scheduler.schedulerapp.resolver.SignupResolverTest.testSignupDoctor_InputTrimming(SignupResolverTest.java:219)
	at java.base/java.lang.reflect.Method.invoke(Method.java:565)
	at java.base/java.util.ArrayList.forEach(ArrayList.java:1604)
	at java.base/java.util.ArrayList.forEach(ArrayList.java:1604)

com.scheduler.schedulerapp.resolver.SignupResolverTest.testSignupPatient_InputTrimming -- Time elapsed: 0.001 s <<< FAILURE!
org.opentest4j.AssertionFailedError: expected: <true> but was: <false>
	at org.junit.jupiter.api.AssertionFailureBuilder.build(AssertionFailureBuilder.java:151)
	at org.junit.jupiter.api.AssertionFailureBuilder.buildAndThrow(AssertionFailureBuilder.java:132)
	at org.junit.jupiter.api.AssertTrue.failNotTrue(AssertTrue.java:63)
	at org.junit.jupiter.api.AssertTrue.assertTrue(AssertTrue.java:36)
	at org.junit.jupiter.api.AssertTrue.assertTrue(AssertTrue.java:31)
	at org.junit.jupiter.api.Assertions.assertTrue(Assertions.java:183)
	at com.scheduler.schedulerapp.resolver.SignupResolverTest.testSignupPatient_InputTrimming(SignupResolverTest.java:359)
	at java.base/java.lang.reflect.Method.invoke(Method.java:565)
	at java.base/java.util.ArrayList.forEach(ArrayList.java:1604)
	at java.base/java.util.ArrayList.forEach(ArrayList.java:1604)

