-------------------------------------------------------------------------------
Test set: com.scheduler.schedulerapp.service.DoctorServiceImplTest
-------------------------------------------------------------------------------
Tests run: 17, Failures: 5, Errors: 2, Skipped: 0, Time elapsed: 0.128 s <<< FAILURE! -- in com.scheduler.schedulerapp.service.DoctorServiceImplTest
com.scheduler.schedulerapp.service.DoctorServiceImplTest.getAllDoctors_WhenNoDoctorsExist_ShouldReturnEmptyList -- Time elapsed: 0.005 s <<< FAILURE!
Wanted but not invoked:
doctorRepository.findAll();
-> at com.scheduler.schedulerapp.service.DoctorServiceImplTest.getAllDoctors_WhenNoDoctorsExist_ShouldReturnEmptyList(DoctorServiceImplTest.java:65)

However, there was exactly 1 interaction with this mock:
doctorRepository.findAllWhoIsActive();
-> at com.scheduler.schedulerapp.service.doctor.DoctorServiceImpl.getAllDoctors(DoctorServiceImpl.java:32)


	at com.scheduler.schedulerapp.service.DoctorServiceImplTest.getAllDoctors_WhenNoDoctorsExist_ShouldReturnEmptyList(DoctorServiceImplTest.java:65)
	at java.base/java.lang.reflect.Method.invoke(Method.java:565)
	at java.base/java.util.ArrayList.forEach(ArrayList.java:1604)
	at java.base/java.util.ArrayList.forEach(ArrayList.java:1604)

com.scheduler.schedulerapp.service.DoctorServiceImplTest.deleteDoctor_WithValidId_ShouldDeleteSuccessfully -- Time elapsed: 0.002 s <<< FAILURE!
org.opentest4j.AssertionFailedError: Unexpected exception thrown: java.lang.IllegalArgumentException: Doctor not found with ID: 1
	at org.junit.jupiter.api.AssertionFailureBuilder.build(AssertionFailureBuilder.java:152)
	at org.junit.jupiter.api.AssertDoesNotThrow.createAssertionFailedError(AssertDoesNotThrow.java:84)
	at org.junit.jupiter.api.AssertDoesNotThrow.assertDoesNotThrow(AssertDoesNotThrow.java:53)
	at org.junit.jupiter.api.AssertDoesNotThrow.assertDoesNotThrow(AssertDoesNotThrow.java:36)
	at org.junit.jupiter.api.Assertions.assertDoesNotThrow(Assertions.java:3199)
	at com.scheduler.schedulerapp.service.DoctorServiceImplTest.deleteDoctor_WithValidId_ShouldDeleteSuccessfully(DoctorServiceImplTest.java:209)
	at java.base/java.lang.reflect.Method.invoke(Method.java:565)
	at java.base/java.util.ArrayList.forEach(ArrayList.java:1604)
	at java.base/java.util.ArrayList.forEach(ArrayList.java:1604)
Caused by: java.lang.IllegalArgumentException: Doctor not found with ID: 1
	at com.scheduler.schedulerapp.service.doctor.DoctorServiceImpl.deleteDoctor(DoctorServiceImpl.java:102)
	at com.scheduler.schedulerapp.service.DoctorServiceImplTest.lambda$3(DoctorServiceImplTest.java:210)
	at org.junit.jupiter.api.AssertDoesNotThrow.assertDoesNotThrow(AssertDoesNotThrow.java:49)
	... 6 more

com.scheduler.schedulerapp.service.DoctorServiceImplTest.updateDoctor_ShouldSetIdAndSaveDoctor -- Time elapsed: 0.001 s <<< ERROR!
java.lang.IllegalArgumentException: Doctor not found with ID: 1
	at com.scheduler.schedulerapp.service.doctor.DoctorServiceImpl.updateDoctor(DoctorServiceImpl.java:65)
	at com.scheduler.schedulerapp.service.DoctorServiceImplTest.updateDoctor_ShouldSetIdAndSaveDoctor(DoctorServiceImplTest.java:170)
	at java.base/java.lang.reflect.Method.invoke(Method.java:565)
	at java.base/java.util.ArrayList.forEach(ArrayList.java:1604)
	at java.base/java.util.ArrayList.forEach(ArrayList.java:1604)

com.scheduler.schedulerapp.service.DoctorServiceImplTest.deleteDoctor_WithNullId_ShouldHandleGracefully -- Time elapsed: 0.001 s <<< FAILURE!
org.opentest4j.AssertionFailedError: Unexpected exception thrown: java.lang.IllegalArgumentException: Doctor not found with ID: null
	at org.junit.jupiter.api.AssertionFailureBuilder.build(AssertionFailureBuilder.java:152)
	at org.junit.jupiter.api.AssertDoesNotThrow.createAssertionFailedError(AssertDoesNotThrow.java:84)
	at org.junit.jupiter.api.AssertDoesNotThrow.assertDoesNotThrow(AssertDoesNotThrow.java:53)
	at org.junit.jupiter.api.AssertDoesNotThrow.assertDoesNotThrow(AssertDoesNotThrow.java:36)
	at org.junit.jupiter.api.Assertions.assertDoesNotThrow(Assertions.java:3199)
	at com.scheduler.schedulerapp.service.DoctorServiceImplTest.deleteDoctor_WithNullId_ShouldHandleGracefully(DoctorServiceImplTest.java:228)
	at java.base/java.lang.reflect.Method.invoke(Method.java:565)
	at java.base/java.util.ArrayList.forEach(ArrayList.java:1604)
	at java.base/java.util.ArrayList.forEach(ArrayList.java:1604)
Caused by: java.lang.IllegalArgumentException: Doctor not found with ID: null
	at com.scheduler.schedulerapp.service.doctor.DoctorServiceImpl.deleteDoctor(DoctorServiceImpl.java:102)
	at com.scheduler.schedulerapp.service.DoctorServiceImplTest.lambda$5(DoctorServiceImplTest.java:229)
	at org.junit.jupiter.api.AssertDoesNotThrow.assertDoesNotThrow(AssertDoesNotThrow.java:49)
	... 6 more

com.scheduler.schedulerapp.service.DoctorServiceImplTest.deleteDoctor_WithNonExistentId_ShouldCompleteWithoutError -- Time elapsed: 0.001 s <<< FAILURE!
org.opentest4j.AssertionFailedError: Unexpected exception thrown: java.lang.IllegalArgumentException: Doctor not found with ID: 999
	at org.junit.jupiter.api.AssertionFailureBuilder.build(AssertionFailureBuilder.java:152)
	at org.junit.jupiter.api.AssertDoesNotThrow.createAssertionFailedError(AssertDoesNotThrow.java:84)
	at org.junit.jupiter.api.AssertDoesNotThrow.assertDoesNotThrow(AssertDoesNotThrow.java:53)
	at org.junit.jupiter.api.AssertDoesNotThrow.assertDoesNotThrow(AssertDoesNotThrow.java:36)
	at org.junit.jupiter.api.Assertions.assertDoesNotThrow(Assertions.java:3199)
	at com.scheduler.schedulerapp.service.DoctorServiceImplTest.deleteDoctor_WithNonExistentId_ShouldCompleteWithoutError(DoctorServiceImplTest.java:219)
	at java.base/java.lang.reflect.Method.invoke(Method.java:565)
	at java.base/java.util.ArrayList.forEach(ArrayList.java:1604)
	at java.base/java.util.ArrayList.forEach(ArrayList.java:1604)
Caused by: java.lang.IllegalArgumentException: Doctor not found with ID: 999
	at com.scheduler.schedulerapp.service.doctor.DoctorServiceImpl.deleteDoctor(DoctorServiceImpl.java:102)
	at com.scheduler.schedulerapp.service.DoctorServiceImplTest.lambda$4(DoctorServiceImplTest.java:220)
	at org.junit.jupiter.api.AssertDoesNotThrow.assertDoesNotThrow(AssertDoesNotThrow.java:49)
	... 6 more

com.scheduler.schedulerapp.service.DoctorServiceImplTest.getAllDoctors_ShouldReturnAllDoctors -- Time elapsed: 0.001 s <<< FAILURE!
org.opentest4j.AssertionFailedError: expected: <4> but was: <0>
	at org.junit.jupiter.api.AssertionFailureBuilder.build(AssertionFailureBuilder.java:151)
	at org.junit.jupiter.api.AssertionFailureBuilder.buildAndThrow(AssertionFailureBuilder.java:132)
	at org.junit.jupiter.api.AssertEquals.failNotEqual(AssertEquals.java:197)
	at org.junit.jupiter.api.AssertEquals.assertEquals(AssertEquals.java:150)
	at org.junit.jupiter.api.AssertEquals.assertEquals(AssertEquals.java:145)
	at org.junit.jupiter.api.Assertions.assertEquals(Assertions.java:531)
	at com.scheduler.schedulerapp.service.DoctorServiceImplTest.getAllDoctors_ShouldReturnAllDoctors(DoctorServiceImplTest.java:54)
	at java.base/java.lang.reflect.Method.invoke(Method.java:565)
	at java.base/java.util.ArrayList.forEach(ArrayList.java:1604)
	at java.base/java.util.ArrayList.forEach(ArrayList.java:1604)

com.scheduler.schedulerapp.service.DoctorServiceImplTest.updateDoctor_WithDifferentOriginalId_ShouldOverwriteIdAndSave -- Time elapsed: 0.001 s <<< ERROR!
java.lang.IllegalArgumentException: Doctor not found with ID: 1
	at com.scheduler.schedulerapp.service.doctor.DoctorServiceImpl.updateDoctor(DoctorServiceImpl.java:65)
	at com.scheduler.schedulerapp.service.DoctorServiceImplTest.updateDoctor_WithDifferentOriginalId_ShouldOverwriteIdAndSave(DoctorServiceImplTest.java:188)
	at java.base/java.lang.reflect.Method.invoke(Method.java:565)
	at java.base/java.util.ArrayList.forEach(ArrayList.java:1604)
	at java.base/java.util.ArrayList.forEach(ArrayList.java:1604)

