-------------------------------------------------------------------------------
Test set: com.scheduler.schedulerapp.resolver.AuthResolverTest
-------------------------------------------------------------------------------
Tests run: 11, Failures: 0, Errors: 7, Skipped: 0, Time elapsed: 0.078 s <<< FAILURE! -- in com.scheduler.schedulerapp.resolver.AuthResolverTest
com.scheduler.schedulerapp.resolver.AuthResolverTest.getCurrentUser_ShouldReturnNull_WhenAuthenticationIsNull -- Time elapsed: 0.001 s <<< ERROR!
java.lang.SecurityException: Authentication required
	at com.scheduler.schedulerapp.resolver.AuthResolver.getCurrentUser(AuthResolver.java:34)
	at com.scheduler.schedulerapp.resolver.AuthResolverTest.getCurrentUser_ShouldReturnNull_WhenAuthenticationIsNull(AuthResolverTest.java:105)
	at java.base/java.lang.reflect.Method.invoke(Method.java:565)
	at java.base/java.util.ArrayList.forEach(ArrayList.java:1604)
	at java.base/java.util.ArrayList.forEach(ArrayList.java:1604)

com.scheduler.schedulerapp.resolver.AuthResolverTest.getCurrentUser_ShouldReturnNull_WhenNotAuthenticated -- Time elapsed: 0.001 s <<< ERROR!
java.lang.SecurityException: Authentication required
	at com.scheduler.schedulerapp.resolver.AuthResolver.getCurrentUser(AuthResolver.java:34)
	at com.scheduler.schedulerapp.resolver.AuthResolverTest.getCurrentUser_ShouldReturnNull_WhenNotAuthenticated(AuthResolverTest.java:98)
	at java.base/java.lang.reflect.Method.invoke(Method.java:565)
	at java.base/java.util.ArrayList.forEach(ArrayList.java:1604)
	at java.base/java.util.ArrayList.forEach(ArrayList.java:1604)

com.scheduler.schedulerapp.resolver.AuthResolverTest.getCurrentUserRole_ShouldReturnNull_ForAnonymousUser -- Time elapsed: 0.001 s <<< ERROR!
java.lang.SecurityException: Authentication required
	at com.scheduler.schedulerapp.resolver.AuthResolver.getCurrentUserRole(AuthResolver.java:43)
	at com.scheduler.schedulerapp.resolver.AuthResolverTest.getCurrentUserRole_ShouldReturnNull_ForAnonymousUser(AuthResolverTest.java:125)
	at java.base/java.lang.reflect.Method.invoke(Method.java:565)
	at java.base/java.util.ArrayList.forEach(ArrayList.java:1604)
	at java.base/java.util.ArrayList.forEach(ArrayList.java:1604)

com.scheduler.schedulerapp.resolver.AuthResolverTest.getCurrentUserRole_ShouldReturnNull_WhenAuthenticationIsNull -- Time elapsed: 0.001 s <<< ERROR!
java.lang.SecurityException: Authentication required
	at com.scheduler.schedulerapp.resolver.AuthResolver.getCurrentUserRole(AuthResolver.java:43)
	at com.scheduler.schedulerapp.resolver.AuthResolverTest.getCurrentUserRole_ShouldReturnNull_WhenAuthenticationIsNull(AuthResolverTest.java:140)
	at java.base/java.lang.reflect.Method.invoke(Method.java:565)
	at java.base/java.util.ArrayList.forEach(ArrayList.java:1604)
	at java.base/java.util.ArrayList.forEach(ArrayList.java:1604)

com.scheduler.schedulerapp.resolver.AuthResolverTest.logout_ShouldAlwaysReturnTrue -- Time elapsed: 0 s <<< ERROR!
java.lang.SecurityException: Authentication required
	at com.scheduler.schedulerapp.resolver.AuthResolver.logout(AuthResolver.java:52)
	at com.scheduler.schedulerapp.resolver.AuthResolverTest.logout_ShouldAlwaysReturnTrue(AuthResolverTest.java:145)
	at java.base/java.lang.reflect.Method.invoke(Method.java:565)
	at java.base/java.util.ArrayList.forEach(ArrayList.java:1604)
	at java.base/java.util.ArrayList.forEach(ArrayList.java:1604)

com.scheduler.schedulerapp.resolver.AuthResolverTest.getCurrentUserRole_ShouldReturnNull_WhenNotAuthenticated -- Time elapsed: 0.001 s <<< ERROR!
java.lang.SecurityException: Authentication required
	at com.scheduler.schedulerapp.resolver.AuthResolver.getCurrentUserRole(AuthResolver.java:43)
	at com.scheduler.schedulerapp.resolver.AuthResolverTest.getCurrentUserRole_ShouldReturnNull_WhenNotAuthenticated(AuthResolverTest.java:133)
	at java.base/java.lang.reflect.Method.invoke(Method.java:565)
	at java.base/java.util.ArrayList.forEach(ArrayList.java:1604)
	at java.base/java.util.ArrayList.forEach(ArrayList.java:1604)

com.scheduler.schedulerapp.resolver.AuthResolverTest.getCurrentUser_ShouldReturnNull_WhenAnonymous -- Time elapsed: 0.001 s <<< ERROR!
java.lang.SecurityException: Authentication required
	at com.scheduler.schedulerapp.resolver.AuthResolver.getCurrentUser(AuthResolver.java:34)
	at com.scheduler.schedulerapp.resolver.AuthResolverTest.getCurrentUser_ShouldReturnNull_WhenAnonymous(AuthResolverTest.java:90)
	at java.base/java.lang.reflect.Method.invoke(Method.java:565)
	at java.base/java.util.ArrayList.forEach(ArrayList.java:1604)
	at java.base/java.util.ArrayList.forEach(ArrayList.java:1604)

